0.000000000000000000e+00
0.000000000000000000e+00
0.000000000000000000e+00
0.000000000000000000e+00
0.000000000000000000e+00
0.000000000000000000e+00
0.000000000000000000e+00
0.000000000000000000e+00
2.441406250000000000e-04
4.882812500000000000e-04
3.417968750000000000e-03
6.347656250000000000e-03
2.246093750000000000e-02
3.857421875000000000e-02
9.228515625000000000e-02
1.459960937500000000e-01
2.668457031250000000e-01
3.876953125000000000e-01
5.810546875000000000e-01
7.744140625000000000e-01
1.000000000000000000e+00
