0.000000000000000000e+00
4.488633181056710802e-02
9.002286081054827749e-02
1.351593898105294400e-01
1.810220512464537079e-01
2.268847126823779758e-01
2.738784464449426359e-01
3.208721802075072405e-01
3.692913122163224982e-01
4.177104442251378114e-01
4.677098560344685185e-01
5.177092678437992257e-01
5.692891841224891891e-01
6.208691004011792636e-01
6.738750031167891619e-01
7.268809058323990602e-01
7.810186079183002450e-01
8.351563100042014298e-01
8.900207327167150018e-01
9.448851554292285737e-01
1.000000000000000000e+00
