0.000000000000000000e+00
7.271691071865191147e-03
1.597069432856808302e-02
2.466969758527097489e-02
3.774891386752607381e-02
5.082813014978117272e-02
7.144753399002067018e-02
9.206693783026016764e-02
1.234671638767503576e-01
1.548673899232405615e-01
1.999429929554731311e-01
2.450185959877057007e-01
3.056502280401016680e-01
3.662818600924976908e-01
4.426183402103016640e-01
5.189548203281055816e-01
6.089187485128522148e-01
6.988826766975987370e-01
7.981521864506198050e-01
8.974216962036408729e-01
1.000000000000000000e+00
