0.000000000000000000e+00
4.884342657866543036e-02
9.774345968710951293e-02
1.466434927955535816e-01
1.957078045291926749e-01
2.447721162628317404e-01
2.940922981832734817e-01
3.434124801037152230e-01
3.930550776663851442e-01
4.426976752290550099e-01
4.926976738025372060e-01
5.426976723760194021e-01
5.930550725051952909e-01
6.434124726343710687e-01
6.940922898322927637e-01
7.447721070302145696e-01
7.957077961782119679e-01
8.466434853262093663e-01
8.977434545259195264e-01
9.488434237256297976e-01
1.000000000000000000e+00
