0.000000000000000000e+00
1.239311004390704753e-04
3.134536068913478814e-04
6.605866000279738207e-04
1.316396798371372544e-03
2.535628796667787135e-03
4.737859150717822418e-03
8.586499388442178637e-03
1.508093069663939134e-02
2.564782522652232777e-02
4.220642373238649853e-02
6.717240966341328501e-02
1.033611735389557140e-01
1.537593709499080474e-01
2.211575439795945286e-01
3.076739051328085672e-01
4.142439065245498986e-01
5.401829595369732617e-01
6.829432376365363044e-01
8.381563148258184270e-01
1.000000000000000000e+00
