0.000000000000000000e+00
2.759215754031467058e-02
5.571609052040880222e-02
8.489243173507175777e-02
1.156196129867278904e-01
1.483629916564163376e-01
1.835442933022186640e-01
2.215315419472262959e-01
2.626296947049119312e-01
3.070722402160067088e-01
3.550140541635846136e-01
4.065258234597247666e-01
4.615903482672569225e-01
5.201010042921022647e-01
5.818625954154850177e-01
6.465947498399993165e-01
7.139379150696835152e-01
7.834618940309040491e-01
8.546767440337100785e-01
9.270457407537221473e-01
1.000000000000000000e+00
