0.000000000000000000e+00
4.998596003482103783e-02
9.997226578018074405e-02
1.499592544340769829e-01
1.999472463790330501e-01
2.499365372932165208e-01
2.999273908698615876e-01
3.499200323242666055e-01
3.999146428482456272e-01
4.499113551485848239e-01
4.999102501793613595e-01
5.499113551485846907e-01
5.999146428482451388e-01
6.499200323242662058e-01
6.999273908698612212e-01
7.499365372932162987e-01
7.999472463790330279e-01
8.499592544340769384e-01
8.999722657801806358e-01
9.499859600348209421e-01
1.000000000000000000e+00
