0.000000000000000000e+00
4.973042262360813370e-02
9.946748313645935313e-02
1.492176559809767766e-01
1.989870927305423531e-01
2.487814706173752666e-01
2.986058527402526419e-01
3.484645633942213827e-01
3.983610815920950454e-01
4.482979553995934396e-01
4.982767391934762591e-01
5.482979553875904077e-01
5.983610815692640417e-01
6.484645633627972305e-01
6.986058527033115473e-01
7.487814705785330593e-01
7.989870926936012419e-01
8.492176559495526744e-01
8.994674831136284521e-01
9.497304226116051185e-01
1.000000000000000000e+00
